<?xml version="1.0" encoding="UTF-8"?>
<!-- Generated by org.testng.reporters.JUnitReportReporter -->
<testsuite hostname="LAPTOP-ALA1120S" failures="0" tests="2" name="com.timeKeeping.actitime.CreateContact" time="0.013" errors="0" timestamp="2022-07-30T15:51:58 IST" skipped="0">
  <testcase classname="com.timeKeeping.actitime.CreateContact" name="contact1" time="0.003"/>
  <system-out/>
  <testcase classname="com.timeKeeping.actitime.CreateContact" name="contact" time="0.010"/>
  <system-out/>
</testsuite> <!-- com.timeKeeping.actitime.CreateContact -->
