<?xml version="1.0" encoding="UTF-8"?>
<!-- Generated by org.testng.reporters.JUnitReportReporter -->
<testsuite hostname="LAPTOP-ALA1120S" failures="0" tests="3" name="com.timeKeeping.actitime.DistributeParallelExecution" time="8.584" errors="0" timestamp="23 Jul 2022 14:58:40 GMT" skipped="0">
  <testcase classname="com.timeKeeping.actitime.DistributeParallelExecution" name="demo1" time="2.702"/>
  <testcase classname="com.timeKeeping.actitime.DistributeParallelExecution" name="demo1" time="2.864"/>
  <testcase classname="com.timeKeeping.actitime.DistributeParallelExecution" name="demo1" time="3.018"/>
</testsuite> <!-- com.timeKeeping.actitime.DistributeParallelExecution -->
