<?xml version="1.0" encoding="UTF-8"?>
<!-- Generated by org.testng.reporters.JUnitReportReporter -->
<testsuite hostname="LAPTOP-ALA1120S" failures="0" tests="2" name="com.timeKeeping.actitime.TestMevenSecond" time="0.019" errors="0" timestamp="23 Jul 2022 08:15:57 GMT" skipped="0">
  <testcase classname="com.timeKeeping.actitime.TestMevenSecond" name="demo4" time="0.003"/>
  <testcase classname="com.timeKeeping.actitime.TestMevenSecond" name="demo3" time="0.016"/>
</testsuite> <!-- com.timeKeeping.actitime.TestMevenSecond -->
