<?xml version="1.0" encoding="UTF-8"?>
<!-- Generated by org.testng.reporters.JUnitReportReporter -->
<testsuite hostname="LAPTOP-ALA1120S" failures="0" tests="2" name="com.timeKeeping.actitime.GroupMavenTest" time="0.015" errors="0" timestamp="23 Jul 2022 08:43:09 GMT" skipped="0">
  <testcase classname="com.timeKeeping.actitime.GroupMavenTest" name="demo2" time="0.002"/>
  <testcase classname="com.timeKeeping.actitime.GroupMavenTest" name="demo1" time="0.013"/>
</testsuite> <!-- com.timeKeeping.actitime.GroupMavenTest -->
